<?xml version="1.0" encoding="UTF-8"?>
<!-- Generated by org.testng.reporters.JUnitReportReporter -->
<testsuite skipped="0" hostname="NCDWIN7PXD17440" name="Reporttt.Testcase" tests="3" failures="0" timestamp="28 Jun 2019 12:18:16 GMT" time="0.042" errors="0">
  <testcase name="sub" time="0.002" classname="Reporttt.Testcase"/>
  <testcase name="add" time="0.037" classname="Reporttt.Testcase"/>
  <testcase name="mul" time="0.003" classname="Reporttt.Testcase"/>
</testsuite> <!-- Reporttt.Testcase -->
